#
# A fatal error has been detected by the Java Runtime Environment:
#
#  Internal Error (./src/hotspot/share/opto/output.cpp:1492), pid=8800, tid=6672
#  guarantee((int)(blk_starts[i+1] - blk_starts[i]) >= (current_offset - blk_offset)) failed: shouldn't increase block size
#
# JRE version: OpenJDK Runtime Environment AdoptOpenJDK-11.0.11+9 (11.0.11+9) (build 11.0.11+9)
# Java VM: OpenJDK 64-Bit Server VM AdoptOpenJDK-11.0.11+9 (11.0.11+9, mixed mode, tiered, compressed oops, parallel gc, windows-amd64)
# No core dump will be written. Minidumps are not enabled by default on client versions of Windows
#
# If you would like to submit a bug report, please visit:
#   https://github.com/AdoptOpenJDK/openjdk-support/issues
#

---------------  S U M M A R Y ------------

Command Line: --add-modules=ALL-SYSTEM --add-opens=java.base/java.util=ALL-UNNAMED --add-opens=java.base/java.lang=ALL-UNNAMED -Declipse.application=org.eclipse.jdt.ls.core.id1 -Dosgi.bundles.defaultStartLevel=4 -Declipse.product=org.eclipse.jdt.ls.core.product -Dfile.encoding=utf8 -DwatchParentProcess=false -XX:+UseParallelGC -XX:GCTimeRatio=4 -XX:AdaptiveSizePolicyWeight=90 -Dsun.zip.disableMemoryMapping=true -Xmx1G -Xms100m -Xverify:none c:\Users\Mario Gonzalez\.vscode\extensions\redhat.java-1.0.0\server\plugins\org.eclipse.equinox.launcher_1.6.400.v20210924-0641.jar -configuration c:\Users\Mario Gonzalez\AppData\Roaming\Code\User\globalStorage\redhat.java\1.0.0\config_win -data c:\Users\Mario Gonzalez\AppData\Roaming\Code\User\workspaceStorage\fb0e1830e292ec814335303ea2343384\redhat.java\jdt_ws

Host: Intel(R) Celeron(R) CPU  J1900  @ 1.99GHz, 4 cores, 7G,  Windows 7 , 64 bit Build 7601 (6.1.7601.19160)
Time: Wed Nov 17 21:22:40 2021 Hora estándar de Argentina elapsed time: 1780.148973 seconds (0d 0h 29m 40s)

---------------  T H R E A D  ---------------

Current thread (0x000000001d027800):  JavaThread "C2 CompilerThread0" daemon [_thread_in_native, id=6672, stack(0x000000001ede0000,0x000000001eee0000)]


Current CompileTask:
C2:1780149 18818   !   4       org.eclipse.jdt.internal.compiler.parser.Scanner::getNextToken0 (3042 bytes)

Stack: [0x000000001ede0000,0x000000001eee0000]
Native frames: (J=compiled Java code, j=interpreted, Vv=VM code, C=native code)
V  [jvm.dll+0x5f7e5a]
V  [jvm.dll+0x77ff2e]
V  [jvm.dll+0x7815ff]
V  [jvm.dll+0x781c77]
V  [jvm.dll+0x24735c]
V  [jvm.dll+0x5fef84]
V  [jvm.dll+0x5fd321]
V  [jvm.dll+0x2010e2]
V  [jvm.dll+0x1fff6f]
V  [jvm.dll+0x184f1c]
V  [jvm.dll+0x20f3e7]
V  [jvm.dll+0x20d5cb]
V  [jvm.dll+0x7442f9]
V  [jvm.dll+0x73d364]
V  [jvm.dll+0x5f6cd6]
C  [ucrtbase.DLL+0x1c1ae]
C  [kernel32.dll+0x159ed]
C  [ntdll.dll+0x2b371]


---------------  P R O C E S S  ---------------

Threads class SMR info:
_java_thread_list=0x0000000020f99c00, length=30, elements={
0x00000000001f8800, 0x000000001d00e000, 0x000000001d01a800, 0x000000001d01d000,
0x000000001d01e800, 0x000000001d020000, 0x000000001d027800, 0x000000001d033000,
0x000000001d046800, 0x000000001ef1a800, 0x000000001f97d800, 0x000000001fa45800,
0x000000001fdbd800, 0x000000001fc7c800, 0x0000000020627000, 0x000000001fe91000,
0x000000001d035800, 0x000000001d036800, 0x000000001d034800, 0x000000001d03d800,
0x000000001d03e800, 0x000000001d034000, 0x000000001d039000, 0x000000001d03a800,
0x000000001d038000, 0x000000001d03b000, 0x000000001d041000, 0x000000001d040000,
0x000000001fd9d000, 0x000000001fd9b800
}

Java Threads: ( => current thread )
  0x00000000001f8800 JavaThread "main" [_thread_blocked, id=7784, stack(0x0000000001fe0000,0x00000000020e0000)]
  0x000000001d00e000 JavaThread "Reference Handler" daemon [_thread_blocked, id=4736, stack(0x000000001e420000,0x000000001e520000)]
  0x000000001d01a800 JavaThread "Finalizer" daemon [_thread_blocked, id=4728, stack(0x000000001e610000,0x000000001e710000)]
  0x000000001d01d000 JavaThread "Signal Dispatcher" daemon [_thread_blocked, id=1240, stack(0x000000001e860000,0x000000001e960000)]
  0x000000001d01e800 JavaThread "Attach Listener" daemon [_thread_blocked, id=4676, stack(0x000000001ea80000,0x000000001eb80000)]
  0x000000001d020000 JavaThread "Service Thread" daemon [_thread_blocked, id=8836, stack(0x000000001ebf0000,0x000000001ecf0000)]
=>0x000000001d027800 JavaThread "C2 CompilerThread0" daemon [_thread_in_native, id=6672, stack(0x000000001ede0000,0x000000001eee0000)]
  0x000000001d033000 JavaThread "C1 CompilerThread0" daemon [_thread_blocked, id=8500, stack(0x000000001e720000,0x000000001e820000)]
  0x000000001d046800 JavaThread "Sweeper thread" daemon [_thread_blocked, id=1844, stack(0x000000001e970000,0x000000001ea70000)]
  0x000000001ef1a800 JavaThread "Common-Cleaner" daemon [_thread_blocked, id=680, stack(0x000000001f3d0000,0x000000001f4d0000)]
  0x000000001f97d800 JavaThread "Active Thread: Equinox Container: 1b236721-17a1-4424-817b-b6bd5867d4d0" [_thread_blocked, id=5216, stack(0x00000000215c0000,0x00000000216c0000)]
  0x000000001fa45800 JavaThread "Framework Event Dispatcher: Equinox Container: 1b236721-17a1-4424-817b-b6bd5867d4d0" daemon [_thread_blocked, id=9992, stack(0x00000000218f0000,0x00000000219f0000)]
  0x000000001fdbd800 JavaThread "Start Level: Equinox Container: 1b236721-17a1-4424-817b-b6bd5867d4d0" daemon [_thread_blocked, id=9824, stack(0x0000000021d90000,0x0000000021e90000)]
  0x000000001fc7c800 JavaThread "SCR Component Actor" daemon [_thread_blocked, id=5276, stack(0x0000000021c90000,0x0000000021d90000)]
  0x0000000020627000 JavaThread "Bundle File Closer" daemon [_thread_blocked, id=2808, stack(0x0000000022350000,0x0000000022450000)]
  0x000000001fe91000 JavaThread "Worker-JM" [_thread_blocked, id=7728, stack(0x0000000022740000,0x0000000022840000)]
  0x000000001d035800 JavaThread "Java indexing" daemon [_thread_blocked, id=7324, stack(0x0000000023450000,0x0000000023550000)]
  0x000000001d036800 JavaThread "pool-2-thread-1" [_thread_in_native, id=5168, stack(0x0000000024e50000,0x0000000024f50000)]
  0x000000001d034800 JavaThread "Java Debug Server" daemon [_thread_in_native, id=5584, stack(0x0000000022e90000,0x0000000022f90000)]
  0x000000001d03d800 JavaThread "RxSchedulerPurge-1" daemon [_thread_blocked, id=10140, stack(0x00000000311b0000,0x00000000312b0000)]
  0x000000001d03e800 JavaThread "RxCachedWorkerPoolEvictor-1" daemon [_thread_blocked, id=8244, stack(0x00000000230e0000,0x00000000231e0000)]
  0x000000001d034000 JavaThread "Worker-5" [_thread_blocked, id=9444, stack(0x000000002fa10000,0x000000002fb10000)]
  0x000000001d039000 JavaThread "Worker-6" [_thread_blocked, id=8032, stack(0x0000000022d60000,0x0000000022e60000)]
  0x000000001d03a800 JavaThread "ForkJoinPool.commonPool-worker-1" daemon [_thread_blocked, id=8588, stack(0x0000000022120000,0x0000000022220000)]
  0x000000001d038000 JavaThread "ForkJoinPool.commonPool-worker-3" daemon [_thread_blocked, id=3864, stack(0x0000000025360000,0x0000000025460000)]
  0x000000001d03b000 JavaThread "ForkJoinPool.commonPool-worker-5" daemon [_thread_blocked, id=8260, stack(0x00000000316e0000,0x00000000317e0000)]
  0x000000001d041000 JavaThread "ForkJoinPool.commonPool-worker-7" daemon [_thread_blocked, id=6400, stack(0x0000000022230000,0x0000000022330000)]
  0x000000001d040000 JavaThread "ForkJoinPool.commonPool-worker-9" daemon [_thread_blocked, id=9580, stack(0x0000000022c50000,0x0000000022d50000)]
  0x000000001fd9d000 JavaThread "Worker-9" [_thread_blocked, id=4620, stack(0x00000000362b0000,0x00000000363b0000)]
  0x000000001fd9b800 JavaThread "Worker-10" [_thread_blocked, id=8116, stack(0x00000000330a0000,0x00000000331a0000)]

Other Threads:
  0x000000001cf14000 VMThread "VM Thread" [stack: 0x000000001e220000,0x000000001e320000] [id=7876]
  0x000000001f078800 WatcherThread [stack: 0x000000001e320000,0x000000001e420000] [id=10056]
  0x0000000000212000 GCTaskThread "ParGC Thread#0" [stack: 0x000000001a3f0000,0x000000001a4f0000] [id=8544]
  0x000000001fd39000 GCTaskThread "ParGC Thread#1" [stack: 0x0000000021490000,0x0000000021590000] [id=9272]
  0x000000001fdab800 GCTaskThread "ParGC Thread#2" [stack: 0x0000000021b50000,0x0000000021c50000] [id=3136]
  0x000000001fdac800 GCTaskThread "ParGC Thread#3" [stack: 0x0000000021a40000,0x0000000021b40000] [id=8780]

Threads with active compile tasks:
C2 CompilerThread01780193 18818   !   4       org.eclipse.jdt.internal.compiler.parser.Scanner::getNextToken0 (3042 bytes)

VM state:not at safepoint (normal execution)

VM Mutex/Monitor currently owned by a thread: None

Heap address: 0x00000000c0000000, size: 1024 MB, Compressed Oops mode: 32-bit
Narrow klass base: 0x0000000000000000, Narrow klass shift: 0
Compressed class space size: 1073741824 Address: 0x000000007fff0000

Heap:
 PSYoungGen      total 6144K, used 4049K [0x00000000eab00000, 0x00000000eb500000, 0x0000000100000000)
  eden space 5120K, 62% used [0x00000000eab00000,0x00000000eae1c5e8,0x00000000eb000000)
  from space 1024K, 84% used [0x00000000eb400000,0x00000000eb4d8000,0x00000000eb500000)
  to   space 1024K, 0% used [0x00000000eb300000,0x00000000eb300000,0x00000000eb400000)
 ParOldGen       total 77824K, used 70845K [0x00000000c0000000, 0x00000000c4c00000, 0x00000000eab00000)
  object space 77824K, 91% used [0x00000000c0000000,0x00000000c452f780,0x00000000c4c00000)
 Metaspace       used 79196K, capacity 82513K, committed 82776K, reserved 1124352K
  class space    used 7451K, capacity 8628K, committed 8792K, reserved 1048576K

Card table byte_map: [0x0000000019eb0000,0x000000001a0c0000] _byte_map_base: 0x00000000198b0000

Marking Bits: (ParMarkBitMap*) 0x000007feda9dd340
 Begin Bits: [0x000000001a4f0000, 0x000000001b4f0000)
 End Bits:   [0x000000001b4f0000, 0x000000001c4f0000)

Polling page: 0x0000000000340000

Metaspace:

Usage:
  Non-class:     72.15 MB capacity,    70.06 MB ( 97%) used,     1.91 MB (  3%) free+waste,   181.38 KB ( <1%) overhead. 
      Class:      8.43 MB capacity,     7.28 MB ( 86%) used,     1.07 MB ( 13%) free+waste,    77.19 KB ( <1%) overhead. 
       Both:     80.58 MB capacity,    77.34 MB ( 96%) used,     2.99 MB (  4%) free+waste,   258.56 KB ( <1%) overhead. 

Virtual space:
  Non-class space:       74.00 MB reserved,      72.25 MB ( 98%) committed 
      Class space:        1.00 GB reserved,       8.59 MB ( <1%) committed 
             Both:        1.07 GB reserved,      80.84 MB (  7%) committed 

Chunk freelists:
   Non-Class:  99.00 KB
       Class:  76.00 KB
        Both:  175.00 KB

MaxMetaspaceSize: 17179869184.00 GB
CompressedClassSpaceSize: 1.00 GB

CodeHeap 'non-profiled nmethods': size=120064Kb used=14880Kb max_used=14880Kb free=105183Kb
 bounds [0x0000000012790000, 0x0000000013620000, 0x0000000019cd0000]
CodeHeap 'profiled nmethods': size=120000Kb used=36534Kb max_used=37088Kb free=83465Kb
 bounds [0x000000000b260000, 0x000000000d6e0000, 0x0000000012790000]
CodeHeap 'non-nmethods': size=5696Kb used=1326Kb max_used=1363Kb free=4369Kb
 bounds [0x000000000acd0000, 0x000000000af40000, 0x000000000b260000]
 total_blobs=15171 nmethods=14439 adapters=640
 compilation: enabled
              stopped_count=0, restarted_count=0
 full_count=0

Compilation events (20 events):
Event: 1779.094 Thread 0x000000001d033000 18808       3       org.eclipse.jdt.internal.codeassist.complete.CompletionParser::consumeToken (4015 bytes)
Event: 1779.100 Thread 0x000000001d027800 nmethod 18811 0x000000001360fd90 code [0x000000001360ff80, 0x0000000013610a28]
Event: 1779.100 Thread 0x000000001d027800 18812 % !   4       org.eclipse.jdt.internal.compiler.parser.Scanner::jumpOverMethodBody @ 1659 (2085 bytes)
Event: 1779.128 Thread 0x000000001d033000 nmethod 18808 0x000000000d334990 code [0x000000000d335f60, 0x000000000d34a548]
Event: 1779.348 Thread 0x000000001d027800 nmethod 18812% 0x0000000013610f10 code [0x00000000136113e0, 0x0000000013614ff8]
Event: 1779.462 Thread 0x000000001d027800 18815   !   4       org.eclipse.jdt.internal.compiler.parser.Scanner::jumpOverMethodBody (2085 bytes)
Event: 1779.734 Thread 0x000000001d027800 nmethod 18815 0x0000000013617010 code [0x00000000136174e0, 0x000000001361ac78]
Event: 1779.735 Thread 0x000000001d027800 18818   !   4       org.eclipse.jdt.internal.compiler.parser.Scanner::getNextToken0 (3042 bytes)
Event: 1779.927 Thread 0x000000001d033000 18819       3       org.eclipse.jdt.internal.compiler.codegen.CodeStream::if_icmpne (86 bytes)
Event: 1779.929 Thread 0x000000001d033000 nmethod 18819 0x000000000c8a5510 code [0x000000000c8a5780, 0x000000000c8a65a8]
Event: 1779.962 Thread 0x000000001d033000 18820       3       org.eclipse.jdt.internal.compiler.parser.Scanner::getCurrentIdentifierSource (142 bytes)
Event: 1779.963 Thread 0x000000001d033000 nmethod 18820 0x000000000c646590 code [0x000000000c6467e0, 0x000000000c646e98]
Event: 1779.978 Thread 0x000000001d033000 18821       2       org.eclipse.jdt.internal.compiler.ast.CaseStatement::resolveConstantExpression (358 bytes)
Event: 1779.981 Thread 0x000000001d033000 nmethod 18821 0x000000000c91be10 code [0x000000000c91c120, 0x000000000c91cbe8]
Event: 1780.033 Thread 0x000000001d033000 18822       3       org.eclipse.jdt.internal.core.dom.util.DOMASTUtil::isNodeTypeSupportedinAST (91 bytes)
Event: 1780.034 Thread 0x000000001d033000 nmethod 18822 0x000000000c5a0390 code [0x000000000c5a0560, 0x000000000c5a0978]
Event: 1780.043 Thread 0x000000001d033000 18823       3       org.eclipse.jdt.internal.compiler.parser.Scanner::optimizedCurrentTokenSource3 (203 bytes)
Event: 1780.045 Thread 0x000000001d033000 nmethod 18823 0x000000000c89c710 code [0x000000000c89c940, 0x000000000c89d2a8]
Event: 1780.045 Thread 0x000000001d033000 18824 %     3       org.eclipse.jdt.internal.compiler.parser.Scanner::optimizedCurrentTokenSource6 @ 170 (285 bytes)
Event: 1780.047 Thread 0x000000001d033000 nmethod 18824% 0x000000000c9db290 code [0x000000000c9db4e0, 0x000000000c9dc468]

GC Heap History (20 events):
Event: 1774.289 GC heap before
{Heap before GC invocations=2388 (full 81):
 PSYoungGen      total 6144K, used 6128K [0x00000000eab00000, 0x00000000eb680000, 0x0000000100000000)
  eden space 5120K, 99% used [0x00000000eab00000,0x00000000eafffff8,0x00000000eb000000)
  from space 1024K, 98% used [0x00000000eb580000,0x00000000eb67c160,0x00000000eb680000)
  to   space 1536K, 0% used [0x00000000eb380000,0x00000000eb380000,0x00000000eb500000)
 ParOldGen       total 77824K, used 69181K [0x00000000c0000000, 0x00000000c4c00000, 0x00000000eab00000)
  object space 77824K, 88% used [0x00000000c0000000,0x00000000c438f748,0x00000000c4c00000)
 Metaspace       used 79173K, capacity 82513K, committed 82776K, reserved 1124352K
  class space    used 7449K, capacity 8628K, committed 8792K, reserved 1048576K
}
Event: 1774.295 GC heap after
{Heap after GC invocations=2388 (full 81):
 PSYoungGen      total 6656K, used 352K [0x00000000eab00000, 0x00000000eb600000, 0x0000000100000000)
  eden space 5120K, 0% used [0x00000000eab00000,0x00000000eab00000,0x00000000eb000000)
  from space 1536K, 22% used [0x00000000eb380000,0x00000000eb3d8000,0x00000000eb500000)
  to   space 1024K, 0% used [0x00000000eb500000,0x00000000eb500000,0x00000000eb600000)
 ParOldGen       total 77824K, used 69723K [0x00000000c0000000, 0x00000000c4c00000, 0x00000000eab00000)
  object space 77824K, 89% used [0x00000000c0000000,0x00000000c4416d48,0x00000000c4c00000)
 Metaspace       used 79173K, capacity 82513K, committed 82776K, reserved 1124352K
  class space    used 7449K, capacity 8628K, committed 8792K, reserved 1048576K
}
Event: 1774.773 GC heap before
{Heap before GC invocations=2389 (full 81):
 PSYoungGen      total 6656K, used 5472K [0x00000000eab00000, 0x00000000eb600000, 0x0000000100000000)
  eden space 5120K, 100% used [0x00000000eab00000,0x00000000eb000000,0x00000000eb000000)
  from space 1536K, 22% used [0x00000000eb380000,0x00000000eb3d8000,0x00000000eb500000)
  to   space 1024K, 0% used [0x00000000eb500000,0x00000000eb500000,0x00000000eb600000)
 ParOldGen       total 77824K, used 69723K [0x00000000c0000000, 0x00000000c4c00000, 0x00000000eab00000)
  object space 77824K, 89% used [0x00000000c0000000,0x00000000c4416d48,0x00000000c4c00000)
 Metaspace       used 79194K, capacity 82513K, committed 82776K, reserved 1124352K
  class space    used 7451K, capacity 8628K, committed 8792K, reserved 1048576K
}
Event: 1774.784 GC heap after
{Heap after GC invocations=2389 (full 81):
 PSYoungGen      total 6144K, used 784K [0x00000000eab00000, 0x00000000eb600000, 0x0000000100000000)
  eden space 5120K, 0% used [0x00000000eab00000,0x00000000eab00000,0x00000000eb000000)
  from space 1024K, 76% used [0x00000000eb500000,0x00000000eb5c4010,0x00000000eb600000)
  to   space 1024K, 0% used [0x00000000eb400000,0x00000000eb400000,0x00000000eb500000)
 ParOldGen       total 77824K, used 69723K [0x00000000c0000000, 0x00000000c4c00000, 0x00000000eab00000)
  object space 77824K, 89% used [0x00000000c0000000,0x00000000c4416d48,0x00000000c4c00000)
 Metaspace       used 79194K, capacity 82513K, committed 82776K, reserved 1124352K
  class space    used 7451K, capacity 8628K, committed 8792K, reserved 1048576K
}
Event: 1775.923 GC heap before
{Heap before GC invocations=2390 (full 81):
 PSYoungGen      total 6144K, used 5904K [0x00000000eab00000, 0x00000000eb600000, 0x0000000100000000)
  eden space 5120K, 100% used [0x00000000eab00000,0x00000000eb000000,0x00000000eb000000)
  from space 1024K, 76% used [0x00000000eb500000,0x00000000eb5c4010,0x00000000eb600000)
  to   space 1024K, 0% used [0x00000000eb400000,0x00000000eb400000,0x00000000eb500000)
 ParOldGen       total 77824K, used 69723K [0x00000000c0000000, 0x00000000c4c00000, 0x00000000eab00000)
  object space 77824K, 89% used [0x00000000c0000000,0x00000000c4416d48,0x00000000c4c00000)
 Metaspace       used 79196K, capacity 82513K, committed 82776K, reserved 1124352K
  class space    used 7451K, capacity 8628K, committed 8792K, reserved 1048576K
}
Event: 1775.926 GC heap after
{Heap after GC invocations=2390 (full 81):
 PSYoungGen      total 6144K, used 128K [0x00000000eab00000, 0x00000000eb580000, 0x0000000100000000)
  eden space 5120K, 0% used [0x00000000eab00000,0x00000000eab00000,0x00000000eb000000)
  from space 1024K, 12% used [0x00000000eb400000,0x00000000eb420000,0x00000000eb500000)
  to   space 512K, 0% used [0x00000000eb500000,0x00000000eb500000,0x00000000eb580000)
 ParOldGen       total 77824K, used 69755K [0x00000000c0000000, 0x00000000c4c00000, 0x00000000eab00000)
  object space 77824K, 89% used [0x00000000c0000000,0x00000000c441ed48,0x00000000c4c00000)
 Metaspace       used 79196K, capacity 82513K, committed 82776K, reserved 1124352K
  class space    used 7451K, capacity 8628K, committed 8792K, reserved 1048576K
}
Event: 1777.232 GC heap before
{Heap before GC invocations=2391 (full 81):
 PSYoungGen      total 6144K, used 5248K [0x00000000eab00000, 0x00000000eb580000, 0x0000000100000000)
  eden space 5120K, 100% used [0x00000000eab00000,0x00000000eb000000,0x00000000eb000000)
  from space 1024K, 12% used [0x00000000eb400000,0x00000000eb420000,0x00000000eb500000)
  to   space 512K, 0% used [0x00000000eb500000,0x00000000eb500000,0x00000000eb580000)
 ParOldGen       total 77824K, used 69755K [0x00000000c0000000, 0x00000000c4c00000, 0x00000000eab00000)
  object space 77824K, 89% used [0x00000000c0000000,0x00000000c441ed48,0x00000000c4c00000)
 Metaspace       used 79196K, capacity 82513K, committed 82776K, reserved 1124352K
  class space    used 7451K, capacity 8628K, committed 8792K, reserved 1048576K
}
Event: 1777.236 GC heap after
{Heap after GC invocations=2391 (full 81):
 PSYoungGen      total 5632K, used 496K [0x00000000eab00000, 0x00000000eb580000, 0x0000000100000000)
  eden space 5120K, 0% used [0x00000000eab00000,0x00000000eab00000,0x00000000eb000000)
  from space 512K, 96% used [0x00000000eb500000,0x00000000eb57c010,0x00000000eb580000)
  to   space 1024K, 0% used [0x00000000eb380000,0x00000000eb380000,0x00000000eb480000)
 ParOldGen       total 77824K, used 70043K [0x00000000c0000000, 0x00000000c4c00000, 0x00000000eab00000)
  object space 77824K, 90% used [0x00000000c0000000,0x00000000c4466d68,0x00000000c4c00000)
 Metaspace       used 79196K, capacity 82513K, committed 82776K, reserved 1124352K
  class space    used 7451K, capacity 8628K, committed 8792K, reserved 1048576K
}
Event: 1777.653 GC heap before
{Heap before GC invocations=2392 (full 81):
 PSYoungGen      total 5632K, used 5616K [0x00000000eab00000, 0x00000000eb580000, 0x0000000100000000)
  eden space 5120K, 99% used [0x00000000eab00000,0x00000000eafffff0,0x00000000eb000000)
  from space 512K, 96% used [0x00000000eb500000,0x00000000eb57c010,0x00000000eb580000)
  to   space 1024K, 0% used [0x00000000eb380000,0x00000000eb380000,0x00000000eb480000)
 ParOldGen       total 77824K, used 70043K [0x00000000c0000000, 0x00000000c4c00000, 0x00000000eab00000)
  object space 77824K, 90% used [0x00000000c0000000,0x00000000c4466d68,0x00000000c4c00000)
 Metaspace       used 79196K, capacity 82513K, committed 82776K, reserved 1124352K
  class space    used 7451K, capacity 8628K, committed 8792K, reserved 1048576K
}
Event: 1777.658 GC heap after
{Heap after GC invocations=2392 (full 81):
 PSYoungGen      total 6144K, used 880K [0x00000000eab00000, 0x00000000eb580000, 0x0000000100000000)
  eden space 5120K, 0% used [0x00000000eab00000,0x00000000eab00000,0x00000000eb000000)
  from space 1024K, 85% used [0x00000000eb380000,0x00000000eb45c010,0x00000000eb480000)
  to   space 1024K, 0% used [0x00000000eb480000,0x00000000eb480000,0x00000000eb580000)
 ParOldGen       total 77824K, used 70280K [0x00000000c0000000, 0x00000000c4c00000, 0x00000000eab00000)
  object space 77824K, 90% used [0x00000000c0000000,0x00000000c44a21e8,0x00000000c4c00000)
 Metaspace       used 79196K, capacity 82513K, committed 82776K, reserved 1124352K
  class space    used 7451K, capacity 8628K, committed 8792K, reserved 1048576K
}
Event: 1777.718 GC heap before
{Heap before GC invocations=2393 (full 81):
 PSYoungGen      total 6144K, used 6000K [0x00000000eab00000, 0x00000000eb580000, 0x0000000100000000)
  eden space 5120K, 100% used [0x00000000eab00000,0x00000000eb000000,0x00000000eb000000)
  from space 1024K, 85% used [0x00000000eb380000,0x00000000eb45c010,0x00000000eb480000)
  to   space 1024K, 0% used [0x00000000eb480000,0x00000000eb480000,0x00000000eb580000)
 ParOldGen       total 77824K, used 70280K [0x00000000c0000000, 0x00000000c4c00000, 0x00000000eab00000)
  object space 77824K, 90% used [0x00000000c0000000,0x00000000c44a21e8,0x00000000c4c00000)
 Metaspace       used 79196K, capacity 82513K, committed 82776K, reserved 1124352K
  class space    used 7451K, capacity 8628K, committed 8792K, reserved 1048576K
}
Event: 1777.731 GC heap after
{Heap after GC invocations=2393 (full 81):
 PSYoungGen      total 6144K, used 656K [0x00000000eab00000, 0x00000000eb580000, 0x0000000100000000)
  eden space 5120K, 0% used [0x00000000eab00000,0x00000000eab00000,0x00000000eb000000)
  from space 1024K, 64% used [0x00000000eb480000,0x00000000eb524010,0x00000000eb580000)
  to   space 1024K, 0% used [0x00000000eb380000,0x00000000eb380000,0x00000000eb480000)
 ParOldGen       total 77824K, used 70304K [0x00000000c0000000, 0x00000000c4c00000, 0x00000000eab00000)
  object space 77824K, 90% used [0x00000000c0000000,0x00000000c44a81e8,0x00000000c4c00000)
 Metaspace       used 79196K, capacity 82513K, committed 82776K, reserved 1124352K
  class space    used 7451K, capacity 8628K, committed 8792K, reserved 1048576K
}
Event: 1779.021 GC heap before
{Heap before GC invocations=2394 (full 81):
 PSYoungGen      total 6144K, used 5776K [0x00000000eab00000, 0x00000000eb580000, 0x0000000100000000)
  eden space 5120K, 100% used [0x00000000eab00000,0x00000000eb000000,0x00000000eb000000)
  from space 1024K, 64% used [0x00000000eb480000,0x00000000eb524010,0x00000000eb580000)
  to   space 1024K, 0% used [0x00000000eb380000,0x00000000eb380000,0x00000000eb480000)
 ParOldGen       total 77824K, used 70304K [0x00000000c0000000, 0x00000000c4c00000, 0x00000000eab00000)
  object space 77824K, 90% used [0x00000000c0000000,0x00000000c44a81e8,0x00000000c4c00000)
 Metaspace       used 79196K, capacity 82513K, committed 82776K, reserved 1124352K
  class space    used 7451K, capacity 8628K, committed 8792K, reserved 1048576K
}
Event: 1779.024 GC heap after
{Heap after GC invocations=2394 (full 81):
 PSYoungGen      total 6144K, used 160K [0x00000000eab00000, 0x00000000eb500000, 0x0000000100000000)
  eden space 5120K, 0% used [0x00000000eab00000,0x00000000eab00000,0x00000000eb000000)
  from space 1024K, 15% used [0x00000000eb380000,0x00000000eb3a8000,0x00000000eb480000)
  to   space 512K, 0% used [0x00000000eb480000,0x00000000eb480000,0x00000000eb500000)
 ParOldGen       total 77824K, used 70304K [0x00000000c0000000, 0x00000000c4c00000, 0x00000000eab00000)
  object space 77824K, 90% used [0x00000000c0000000,0x00000000c44a81e8,0x00000000c4c00000)
 Metaspace       used 79196K, capacity 82513K, committed 82776K, reserved 1124352K
  class space    used 7451K, capacity 8628K, committed 8792K, reserved 1048576K
}
Event: 1779.491 GC heap before
{Heap before GC invocations=2395 (full 81):
 PSYoungGen      total 6144K, used 5279K [0x00000000eab00000, 0x00000000eb500000, 0x0000000100000000)
  eden space 5120K, 99% used [0x00000000eab00000,0x00000000eaffff38,0x00000000eb000000)
  from space 1024K, 15% used [0x00000000eb380000,0x00000000eb3a8000,0x00000000eb480000)
  to   space 512K, 0% used [0x00000000eb480000,0x00000000eb480000,0x00000000eb500000)
 ParOldGen       total 77824K, used 70304K [0x00000000c0000000, 0x00000000c4c00000, 0x00000000eab00000)
  object space 77824K, 90% used [0x00000000c0000000,0x00000000c44a81e8,0x00000000c4c00000)
 Metaspace       used 79196K, capacity 82513K, committed 82776K, reserved 1124352K
  class space    used 7451K, capacity 8628K, committed 8792K, reserved 1048576K
}
Event: 1779.496 GC heap after
{Heap after GC invocations=2395 (full 81):
 PSYoungGen      total 5632K, used 496K [0x00000000eab00000, 0x00000000eb500000, 0x0000000100000000)
  eden space 5120K, 0% used [0x00000000eab00000,0x00000000eab00000,0x00000000eb000000)
  from space 512K, 96% used [0x00000000eb480000,0x00000000eb4fc010,0x00000000eb500000)
  to   space 1024K, 0% used [0x00000000eb300000,0x00000000eb300000,0x00000000eb400000)
 ParOldGen       total 77824K, used 70432K [0x00000000c0000000, 0x00000000c4c00000, 0x00000000eab00000)
  object space 77824K, 90% used [0x00000000c0000000,0x00000000c44c81e8,0x00000000c4c00000)
 Metaspace       used 79196K, capacity 82513K, committed 82776K, reserved 1124352K
  class space    used 7451K, capacity 8628K, committed 8792K, reserved 1048576K
}
Event: 1779.955 GC heap before
{Heap before GC invocations=2396 (full 81):
 PSYoungGen      total 5632K, used 5616K [0x00000000eab00000, 0x00000000eb500000, 0x0000000100000000)
  eden space 5120K, 100% used [0x00000000eab00000,0x00000000eb000000,0x00000000eb000000)
  from space 512K, 96% used [0x00000000eb480000,0x00000000eb4fc010,0x00000000eb500000)
  to   space 1024K, 0% used [0x00000000eb300000,0x00000000eb300000,0x00000000eb400000)
 ParOldGen       total 77824K, used 70432K [0x00000000c0000000, 0x00000000c4c00000, 0x00000000eab00000)
  object space 77824K, 90% used [0x00000000c0000000,0x00000000c44c81e8,0x00000000c4c00000)
 Metaspace       used 79196K, capacity 82513K, committed 82776K, reserved 1124352K
  class space    used 7451K, capacity 8628K, committed 8792K, reserved 1048576K
}
Event: 1779.959 GC heap after
{Heap after GC invocations=2396 (full 81):
 PSYoungGen      total 6144K, used 528K [0x00000000eab00000, 0x00000000eb500000, 0x0000000100000000)
  eden space 5120K, 0% used [0x00000000eab00000,0x00000000eab00000,0x00000000eb000000)
  from space 1024K, 51% used [0x00000000eb300000,0x00000000eb384010,0x00000000eb400000)
  to   space 1024K, 0% used [0x00000000eb400000,0x00000000eb400000,0x00000000eb500000)
 ParOldGen       total 77824K, used 70821K [0x00000000c0000000, 0x00000000c4c00000, 0x00000000eab00000)
  object space 77824K, 91% used [0x00000000c0000000,0x00000000c4529780,0x00000000c4c00000)
 Metaspace       used 79196K, capacity 82513K, committed 82776K, reserved 1124352K
  class space    used 7451K, capacity 8628K, committed 8792K, reserved 1048576K
}
Event: 1780.015 GC heap before
{Heap before GC invocations=2397 (full 81):
 PSYoungGen      total 6144K, used 5648K [0x00000000eab00000, 0x00000000eb500000, 0x0000000100000000)
  eden space 5120K, 100% used [0x00000000eab00000,0x00000000eb000000,0x00000000eb000000)
  from space 1024K, 51% used [0x00000000eb300000,0x00000000eb384010,0x00000000eb400000)
  to   space 1024K, 0% used [0x00000000eb400000,0x00000000eb400000,0x00000000eb500000)
 ParOldGen       total 77824K, used 70821K [0x00000000c0000000, 0x00000000c4c00000, 0x00000000eab00000)
  object space 77824K, 91% used [0x00000000c0000000,0x00000000c4529780,0x00000000c4c00000)
 Metaspace       used 79196K, capacity 82513K, committed 82776K, reserved 1124352K
  class space    used 7451K, capacity 8628K, committed 8792K, reserved 1048576K
}
Event: 1780.019 GC heap after
{Heap after GC invocations=2397 (full 81):
 PSYoungGen      total 6144K, used 864K [0x00000000eab00000, 0x00000000eb500000, 0x0000000100000000)
  eden space 5120K, 0% used [0x00000000eab00000,0x00000000eab00000,0x00000000eb000000)
  from space 1024K, 84% used [0x00000000eb400000,0x00000000eb4d8000,0x00000000eb500000)
  to   space 1024K, 0% used [0x00000000eb300000,0x00000000eb300000,0x00000000eb400000)
 ParOldGen       total 77824K, used 70845K [0x00000000c0000000, 0x00000000c4c00000, 0x00000000eab00000)
  object space 77824K, 91% used [0x00000000c0000000,0x00000000c452f780,0x00000000c4c00000)
 Metaspace       used 79196K, capacity 82513K, committed 82776K, reserved 1124352K
  class space    used 7451K, capacity 8628K, committed 8792K, reserved 1048576K
}

Deoptimization events (20 events):
Event: 1779.017 Thread 0x000000001d041000 Uncommon trap: trap_request=0xffffff4d fr.pc=0x0000000012e83540 relative=0x00000000000000a0
Event: 1779.017 Thread 0x000000001d041000 Uncommon trap: reason=unstable_if action=reinterpret pc=0x0000000012e83540 method=org.eclipse.jdt.internal.codeassist.impl.AssistParser.isInsideFieldInitialization()Z @ 14 c2
Event: 1779.017 Thread 0x000000001d041000 DEOPT PACKING pc=0x0000000012e83540 sp=0x000000002232e770
Event: 1779.017 Thread 0x000000001d041000 DEOPT UNPACKING pc=0x000000000acf5b2a sp=0x000000002232e708 mode 2
Event: 1779.017 Thread 0x000000001d041000 Uncommon trap: trap_request=0xffffff4d fr.pc=0x0000000012eea68c relative=0x00000000000003ac
Event: 1779.017 Thread 0x000000001d041000 Uncommon trap: reason=unstable_if action=reinterpret pc=0x0000000012eea68c method=org.eclipse.jdt.internal.codeassist.impl.AssistParser.isInsideMethod()Z @ 14 c2
Event: 1779.017 Thread 0x000000001d041000 DEOPT PACKING pc=0x0000000012eea68c sp=0x000000002232e760
Event: 1779.017 Thread 0x000000001d041000 DEOPT UNPACKING pc=0x000000000acf5b2a sp=0x000000002232e6a8 mode 2
Event: 1779.045 Thread 0x000000001d041000 Uncommon trap: trap_request=0xffffff4d fr.pc=0x00000000134d185c relative=0x000000000000297c
Event: 1779.045 Thread 0x000000001d041000 Uncommon trap: reason=unstable_if action=reinterpret pc=0x00000000134d185c method=org.eclipse.jdt.internal.compiler.parser.Scanner.getNextToken0()I @ 29 c2
Event: 1779.045 Thread 0x000000001d041000 DEOPT PACKING pc=0x00000000134d185c sp=0x000000002232d9d0
Event: 1779.045 Thread 0x000000001d041000 DEOPT UNPACKING pc=0x000000000acf5b2a sp=0x000000002232d980 mode 2
Event: 1779.059 Thread 0x000000001d041000 Uncommon trap: trap_request=0xffffff4d fr.pc=0x00000000135cd65c relative=0x000000000000019c
Event: 1779.059 Thread 0x000000001d041000 Uncommon trap: reason=unstable_if action=reinterpret pc=0x00000000135cd65c method=org.eclipse.jdt.core.dom.ASTSyntaxErrorPropagator.checkAndTagAsMalformed(Lorg/eclipse/jdt/core/dom/ASTNode;)Z @ 27 c2
Event: 1779.059 Thread 0x000000001d041000 DEOPT PACKING pc=0x00000000135cd65c sp=0x000000002232dd50
Event: 1779.060 Thread 0x000000001d041000 DEOPT UNPACKING pc=0x000000000acf5b2a sp=0x000000002232dcb0 mode 2
Event: 1779.950 Thread 0x000000001fd9b800 Uncommon trap: trap_request=0xffffff4d fr.pc=0x0000000012e6ad6c relative=0x0000000000001bcc
Event: 1779.950 Thread 0x000000001fd9b800 Uncommon trap: reason=unstable_if action=reinterpret pc=0x0000000012e6ad6c method=org.eclipse.jdt.internal.compiler.parser.Scanner.optimizedCurrentTokenSource2()[C @ 73 c2
Event: 1779.950 Thread 0x000000001fd9b800 DEOPT PACKING pc=0x0000000012e6ad6c sp=0x000000003319de40
Event: 1779.950 Thread 0x000000001fd9b800 DEOPT UNPACKING pc=0x000000000acf5b2a sp=0x000000003319dd68 mode 2

Classes redefined (0 events):
No events

Internal exceptions (20 events):
Event: 1780.029 Thread 0x000000001fd9b800 Exception <a 'java/lang/ArrayIndexOutOfBoundsException'{0x00000000eabef8e0}> (0x00000000eabef8e0) thrown at [./src/hotspot/share/runtime/sharedRuntime.cpp, line 606]
Event: 1780.029 Thread 0x000000001fd9b800 Exception <a 'java/lang/ArrayIndexOutOfBoundsException'{0x00000000eabefc90}> (0x00000000eabefc90) thrown at [./src/hotspot/share/runtime/sharedRuntime.cpp, line 606]
Event: 1780.031 Thread 0x000000001fd9b800 Exception <a 'java/lang/ArrayIndexOutOfBoundsException'{0x00000000eac117e8}> (0x00000000eac117e8) thrown at [./src/hotspot/share/runtime/sharedRuntime.cpp, line 606]
Event: 1780.034 Thread 0x000000001fd9b800 Exception <a 'java/lang/ArrayIndexOutOfBoundsException'{0x00000000eac481f8}> (0x00000000eac481f8) thrown at [./src/hotspot/share/runtime/sharedRuntime.cpp, line 606]
Event: 1780.037 Thread 0x000000001fd9b800 Exception <a 'java/lang/ArrayIndexOutOfBoundsException'{0x00000000eac80cb8}> (0x00000000eac80cb8) thrown at [./src/hotspot/share/runtime/sharedRuntime.cpp, line 606]
Event: 1780.037 Thread 0x000000001fd9b800 Exception <a 'java/lang/ArrayIndexOutOfBoundsException'{0x00000000eac81028}> (0x00000000eac81028) thrown at [./src/hotspot/share/runtime/sharedRuntime.cpp, line 606]
Event: 1780.037 Thread 0x000000001fd9b800 Exception <a 'java/lang/ArrayIndexOutOfBoundsException'{0x00000000eac813d8}> (0x00000000eac813d8) thrown at [./src/hotspot/share/runtime/sharedRuntime.cpp, line 606]
Event: 1780.037 Thread 0x000000001fd9b800 Exception <a 'java/lang/ArrayIndexOutOfBoundsException'{0x00000000eac88420}> (0x00000000eac88420) thrown at [./src/hotspot/share/runtime/sharedRuntime.cpp, line 606]
Event: 1780.038 Thread 0x000000001fd9b800 Exception <a 'java/lang/ArrayIndexOutOfBoundsException'{0x00000000eac91af8}> (0x00000000eac91af8) thrown at [./src/hotspot/share/runtime/sharedRuntime.cpp, line 606]
Event: 1780.040 Thread 0x000000001fd9b800 Exception <a 'java/lang/ArrayIndexOutOfBoundsException'{0x00000000eace7338}> (0x00000000eace7338) thrown at [./src/hotspot/share/runtime/sharedRuntime.cpp, line 606]
Event: 1780.040 Thread 0x000000001fd9b800 Exception <a 'java/lang/ArrayIndexOutOfBoundsException'{0x00000000eace76a8}> (0x00000000eace76a8) thrown at [./src/hotspot/share/runtime/sharedRuntime.cpp, line 606]
Event: 1780.040 Thread 0x000000001fd9b800 Exception <a 'java/lang/ArrayIndexOutOfBoundsException'{0x00000000eace7a58}> (0x00000000eace7a58) thrown at [./src/hotspot/share/runtime/sharedRuntime.cpp, line 606]
Event: 1780.044 Thread 0x000000001fd9b800 Exception <a 'java/lang/ArrayIndexOutOfBoundsException'{0x00000000ead50930}> (0x00000000ead50930) thrown at [./src/hotspot/share/runtime/sharedRuntime.cpp, line 606]
Event: 1780.044 Thread 0x000000001fd9b800 Exception <a 'java/lang/ArrayIndexOutOfBoundsException'{0x00000000ead50ca0}> (0x00000000ead50ca0) thrown at [./src/hotspot/share/runtime/sharedRuntime.cpp, line 606]
Event: 1780.044 Thread 0x000000001fd9b800 Exception <a 'java/lang/ArrayIndexOutOfBoundsException'{0x00000000ead51050}> (0x00000000ead51050) thrown at [./src/hotspot/share/runtime/sharedRuntime.cpp, line 606]
Event: 1780.045 Thread 0x000000001fd9b800 Exception <a 'java/lang/ArrayIndexOutOfBoundsException'{0x00000000ead58098}> (0x00000000ead58098) thrown at [./src/hotspot/share/runtime/sharedRuntime.cpp, line 606]
Event: 1780.045 Thread 0x000000001fd9b800 Exception <a 'java/lang/ArrayIndexOutOfBoundsException'{0x00000000ead617e8}> (0x00000000ead617e8) thrown at [./src/hotspot/share/runtime/sharedRuntime.cpp, line 606]
Event: 1780.048 Thread 0x000000001fd9b800 Exception <a 'java/lang/ArrayIndexOutOfBoundsException'{0x00000000eadb72a8}> (0x00000000eadb72a8) thrown at [./src/hotspot/share/runtime/sharedRuntime.cpp, line 606]
Event: 1780.048 Thread 0x000000001fd9b800 Exception <a 'java/lang/ArrayIndexOutOfBoundsException'{0x00000000eadb7618}> (0x00000000eadb7618) thrown at [./src/hotspot/share/runtime/sharedRuntime.cpp, line 606]
Event: 1780.048 Thread 0x000000001fd9b800 Exception <a 'java/lang/ArrayIndexOutOfBoundsException'{0x00000000eadb79c8}> (0x00000000eadb79c8) thrown at [./src/hotspot/share/runtime/sharedRuntime.cpp, line 606]

Events (20 events):
Event: 1777.232 Executing VM operation: ParallelGCFailedAllocation
Event: 1777.236 Executing VM operation: ParallelGCFailedAllocation done
Event: 1777.653 Executing VM operation: ParallelGCFailedAllocation
Event: 1777.658 Executing VM operation: ParallelGCFailedAllocation done
Event: 1777.688 Thread 0x000000001fd9c000 Thread added: 0x000000001fd9c000
Event: 1777.718 Executing VM operation: ParallelGCFailedAllocation
Event: 1777.731 Executing VM operation: ParallelGCFailedAllocation done
Event: 1779.015 Thread 0x000000001fd9c000 Thread exited: 0x000000001fd9c000
Event: 1779.021 Executing VM operation: ParallelGCFailedAllocation
Event: 1779.024 Executing VM operation: ParallelGCFailedAllocation done
Event: 1779.471 Executing VM operation: BulkRevokeBias
Event: 1779.472 Executing VM operation: BulkRevokeBias done
Event: 1779.473 Executing VM operation: RevokeBias
Event: 1779.474 Executing VM operation: RevokeBias done
Event: 1779.491 Executing VM operation: ParallelGCFailedAllocation
Event: 1779.496 Executing VM operation: ParallelGCFailedAllocation done
Event: 1779.955 Executing VM operation: ParallelGCFailedAllocation
Event: 1779.959 Executing VM operation: ParallelGCFailedAllocation done
Event: 1780.015 Executing VM operation: ParallelGCFailedAllocation
Event: 1780.019 Executing VM operation: ParallelGCFailedAllocation done


Dynamic libraries:
0x000000013f2f0000 - 0x000000013f2fd000 	C:\Program Files\AdoptOpenJDK\jdk-11.0.11.9-hotspot\bin\java.exe
0x00000000779d0000 - 0x0000000077b7a000 	C:\Windows\SYSTEM32\ntdll.dll
0x000007fee8450000 - 0x000007fee8466000 	C:\Program Files\AVG\Antivirus\aswhook.dll
0x00000000777b0000 - 0x00000000778cf000 	C:\Windows\system32\kernel32.dll
0x000007fefda20000 - 0x000007fefda8b000 	C:\Windows\system32\KERNELBASE.dll
0x000007fef51e0000 - 0x000007fef51f7000 	C:\Program Files\AdoptOpenJDK\jdk-11.0.11.9-hotspot\bin\jli.dll
0x000007fefc180000 - 0x000007fefc374000 	C:\Windows\WinSxS\amd64_microsoft.windows.common-controls_6595b64144ccf1df_6.0.7601.18837_none_fa3b1e3d17594757\COMCTL32.dll
0x000007fefde80000 - 0x000007fefdf1f000 	C:\Windows\system32\msvcrt.dll
0x000007fefe220000 - 0x000007fefe287000 	C:\Windows\system32\GDI32.dll
0x00000000778d0000 - 0x00000000779ca000 	C:\Windows\system32\USER32.dll
0x000007fefde70000 - 0x000007fefde7e000 	C:\Windows\system32\LPK.dll
0x000007fefe560000 - 0x000007fefe62a000 	C:\Windows\system32\USP10.dll
0x000007fefdb10000 - 0x000007fefdb81000 	C:\Windows\system32\SHLWAPI.dll
0x000007fef5200000 - 0x000007fef5215000 	C:\Program Files\AdoptOpenJDK\jdk-11.0.11.9-hotspot\bin\VCRUNTIME140.dll
0x000007fefae80000 - 0x000007fefae84000 	C:\Program Files\AdoptOpenJDK\jdk-11.0.11.9-hotspot\bin\api-ms-win-crt-runtime-l1-1-0.dll
0x000007fedbbc0000 - 0x000007fedbcba000 	C:\Program Files\AdoptOpenJDK\jdk-11.0.11.9-hotspot\bin\ucrtbase.DLL
0x000007fef2270000 - 0x000007fef2273000 	C:\Program Files\AdoptOpenJDK\jdk-11.0.11.9-hotspot\bin\api-ms-win-core-localization-l1-2-0.dll
0x000007fef5d80000 - 0x000007fef5d83000 	C:\Program Files\AdoptOpenJDK\jdk-11.0.11.9-hotspot\bin\api-ms-win-core-processthreads-l1-1-1.dll
0x000007fef1450000 - 0x000007fef1453000 	C:\Program Files\AdoptOpenJDK\jdk-11.0.11.9-hotspot\bin\api-ms-win-core-file-l1-2-0.dll
0x000007fef2250000 - 0x000007fef2253000 	C:\Program Files\AdoptOpenJDK\jdk-11.0.11.9-hotspot\bin\api-ms-win-core-timezone-l1-1-0.dll
0x000007feed890000 - 0x000007feed893000 	C:\Program Files\AdoptOpenJDK\jdk-11.0.11.9-hotspot\bin\api-ms-win-core-file-l2-1-0.dll
0x000007fef1440000 - 0x000007fef1443000 	C:\Program Files\AdoptOpenJDK\jdk-11.0.11.9-hotspot\bin\api-ms-win-core-synch-l1-2-0.dll
0x000007feed7a0000 - 0x000007feed7a3000 	C:\Program Files\AdoptOpenJDK\jdk-11.0.11.9-hotspot\bin\api-ms-win-crt-heap-l1-1-0.dll
0x000007feed790000 - 0x000007feed794000 	C:\Program Files\AdoptOpenJDK\jdk-11.0.11.9-hotspot\bin\api-ms-win-crt-string-l1-1-0.dll
0x000007feed750000 - 0x000007feed754000 	C:\Program Files\AdoptOpenJDK\jdk-11.0.11.9-hotspot\bin\api-ms-win-crt-stdio-l1-1-0.dll
0x000007feed740000 - 0x000007feed744000 	C:\Program Files\AdoptOpenJDK\jdk-11.0.11.9-hotspot\bin\api-ms-win-crt-convert-l1-1-0.dll
0x000007feed730000 - 0x000007feed733000 	C:\Program Files\AdoptOpenJDK\jdk-11.0.11.9-hotspot\bin\api-ms-win-crt-environment-l1-1-0.dll
0x000007feed720000 - 0x000007feed723000 	C:\Program Files\AdoptOpenJDK\jdk-11.0.11.9-hotspot\bin\api-ms-win-crt-filesystem-l1-1-0.dll
0x000007feed710000 - 0x000007feed715000 	C:\Program Files\AdoptOpenJDK\jdk-11.0.11.9-hotspot\bin\api-ms-win-crt-math-l1-1-0.dll
0x000007feed700000 - 0x000007feed703000 	C:\Program Files\AdoptOpenJDK\jdk-11.0.11.9-hotspot\bin\api-ms-win-crt-locale-l1-1-0.dll
0x000007fefde30000 - 0x000007fefde5e000 	C:\Windows\system32\IMM32.DLL
0x000007fefdf20000 - 0x000007fefe029000 	C:\Windows\system32\MSCTF.dll
0x000007fee5890000 - 0x000007fee592b000 	C:\Program Files\AdoptOpenJDK\jdk-11.0.11.9-hotspot\bin\msvcp140.dll
0x000007feebc40000 - 0x000007feebc43000 	C:\Program Files\AdoptOpenJDK\jdk-11.0.11.9-hotspot\bin\api-ms-win-crt-time-l1-1-0.dll
0x000007feebc30000 - 0x000007feebc33000 	C:\Program Files\AdoptOpenJDK\jdk-11.0.11.9-hotspot\bin\api-ms-win-crt-utility-l1-1-0.dll
0x000007fed9f50000 - 0x000007fedaa9b000 	C:\Program Files\AdoptOpenJDK\jdk-11.0.11.9-hotspot\bin\server\jvm.dll
0x000007fefe810000 - 0x000007fefe8eb000 	C:\Windows\system32\ADVAPI32.dll
0x000007fefe8f0000 - 0x000007fefe90f000 	C:\Windows\SYSTEM32\sechost.dll
0x000007fefdb90000 - 0x000007fefdcbd000 	C:\Windows\system32\RPCRT4.dll
0x000007fefa210000 - 0x000007fefa219000 	C:\Windows\system32\WSOCK32.dll
0x000007fefdd60000 - 0x000007fefddad000 	C:\Windows\system32\WS2_32.dll
0x000007fefde60000 - 0x000007fefde68000 	C:\Windows\system32\NSI.dll
0x000007fef37a0000 - 0x000007fef37db000 	C:\Windows\system32\WINMM.dll
0x000007fefc840000 - 0x000007fefc84c000 	C:\Windows\system32\VERSION.dll
0x0000000077ba0000 - 0x0000000077ba7000 	C:\Windows\system32\PSAPI.DLL
0x000007feebc00000 - 0x000007feebc10000 	C:\Program Files\AdoptOpenJDK\jdk-11.0.11.9-hotspot\bin\verify.dll
0x000007fefaf70000 - 0x000007fefb095000 	C:\Windows\system32\DBGHELP.DLL
0x000007feebbd0000 - 0x000007feebbf8000 	C:\Program Files\AdoptOpenJDK\jdk-11.0.11.9-hotspot\bin\java.dll
0x000007feebbc0000 - 0x000007feebbca000 	C:\Program Files\AdoptOpenJDK\jdk-11.0.11.9-hotspot\bin\jimage.dll
0x000007fee9200000 - 0x000007fee9217000 	C:\Program Files\AdoptOpenJDK\jdk-11.0.11.9-hotspot\bin\zip.dll
0x000007fefe910000 - 0x000007feff699000 	C:\Windows\system32\SHELL32.dll
0x000007feffa30000 - 0x000007feffc33000 	C:\Windows\system32\ole32.dll
0x000007fefd750000 - 0x000007fefd75f000 	C:\Windows\system32\profapi.dll
0x000007fee91b0000 - 0x000007fee91c9000 	C:\Program Files\AdoptOpenJDK\jdk-11.0.11.9-hotspot\bin\net.dll
0x000007fef82b0000 - 0x000007fef8321000 	C:\Windows\system32\WINHTTP.dll
0x000007fef8240000 - 0x000007fef82a4000 	C:\Windows\system32\webio.dll
0x000007fefcf30000 - 0x000007fefcf85000 	C:\Windows\system32\mswsock.dll
0x000007fefcf20000 - 0x000007fefcf27000 	C:\Windows\System32\wship6.dll
0x000007fee76f0000 - 0x000007fee7702000 	C:\Program Files\AdoptOpenJDK\jdk-11.0.11.9-hotspot\bin\nio.dll
0x000007fee6670000 - 0x000007fee6695000 	C:\Program Files\AdoptOpenJDK\jdk-11.0.11.9-hotspot\bin\sunec.dll
0x000007fefcf90000 - 0x000007fefcfa8000 	C:\Windows\system32\CRYPTSP.dll
0x000007fefcc90000 - 0x000007fefccd7000 	C:\Windows\system32\rsaenh.dll
0x000007fefdaa0000 - 0x000007fefdabe000 	C:\Windows\system32\USERENV.dll
0x000007fefd5f0000 - 0x000007fefd5ff000 	C:\Windows\system32\CRYPTBASE.dll
0x000007fefa970000 - 0x000007fefa997000 	C:\Windows\system32\IPHLPAPI.DLL
0x000007fefa960000 - 0x000007fefa96b000 	C:\Windows\system32\WINNSI.DLL
0x000007fefa770000 - 0x000007fefa788000 	C:\Windows\system32\dhcpcsvc.DLL
0x000007fefa750000 - 0x000007fefa761000 	C:\Windows\system32\dhcpcsvc6.DLL
0x000007fee53e0000 - 0x000007fee541e000 	C:\Users\Mario Gonzalez\AppData\Roaming\Code\User\globalStorage\redhat.java\1.0.0\config_win\org.eclipse.equinox.launcher\org.eclipse.equinox.launcher.win32.win32.x86_64_1.2.400.v20210928-1041\eclipse_11600.dll
0x000007fee8f70000 - 0x000007fee8f81000 	C:\Users\Mario Gonzalez\AppData\Roaming\Code\User\globalStorage\redhat.java\1.0.0\config_win\org.eclipse.osgi\22\0\.cp\jWinHttp-1.0.0.dll
0x000007fefd560000 - 0x000007fefd585000 	C:\Windows\system32\SspiCli.dll
0x000007fefcb20000 - 0x000007fefcb2a000 	C:\Windows\system32\credssp.dll
0x000007fefdad0000 - 0x000007fefdb06000 	C:\Windows\system32\CFGMGR32.dll
0x000007fefc910000 - 0x000007fefc917000 	C:\Windows\System32\wshtcpip.dll
0x000007fefcdb0000 - 0x000007fefce0b000 	C:\Windows\system32\DNSAPI.dll
0x000007fef3cb0000 - 0x000007fef3cb8000 	C:\Windows\system32\rasadhlp.dll
0x000007fefa7f0000 - 0x000007fefa843000 	C:\Windows\System32\fwpuclnt.dll
0x000007fee8f60000 - 0x000007fee8f6e000 	C:\Program Files\AdoptOpenJDK\jdk-11.0.11.9-hotspot\bin\sunmscapi.dll
0x000007fefd790000 - 0x000007fefd8fd000 	C:\Windows\system32\CRYPT32.dll
0x000007fefd760000 - 0x000007fefd76f000 	C:\Windows\system32\MSASN1.dll
0x000007fefd110000 - 0x000007fefd160000 	C:\Windows\system32\ncrypt.dll
0x000007fefd0e0000 - 0x000007fefd102000 	C:\Windows\system32\bcrypt.dll

dbghelp: loaded successfully - version: 4.0.5 - missing functions: none
symbol engine: initialized successfully - sym options: 0x614 - pdb path: .;C:\Program Files\AdoptOpenJDK\jdk-11.0.11.9-hotspot\bin;C:\Windows\SYSTEM32;C:\Program Files\AVG\Antivirus;C:\Windows\WinSxS\amd64_microsoft.windows.common-controls_6595b64144ccf1df_6.0.7601.18837_none_fa3b1e3d17594757;C:\Program Files\AdoptOpenJDK\jdk-11.0.11.9-hotspot\bin\server;C:\Users\Mario Gonzalez\AppData\Roaming\Code\User\globalStorage\redhat.java\1.0.0\config_win\org.eclipse.equinox.launcher\org.eclipse.equinox.launcher.win32.win32.x86_64_1.2.400.v20210928-1041;C:\Users\Mario Gonzalez\AppData\Roaming\Code\User\globalStorage\redhat.java\1.0.0\config_win\org.eclipse.osgi\22\0\.cp

VM Arguments:
jvm_args: --add-modules=ALL-SYSTEM --add-opens=java.base/java.util=ALL-UNNAMED --add-opens=java.base/java.lang=ALL-UNNAMED -Declipse.application=org.eclipse.jdt.ls.core.id1 -Dosgi.bundles.defaultStartLevel=4 -Declipse.product=org.eclipse.jdt.ls.core.product -Dfile.encoding=utf8 -DwatchParentProcess=false -XX:+UseParallelGC -XX:GCTimeRatio=4 -XX:AdaptiveSizePolicyWeight=90 -Dsun.zip.disableMemoryMapping=true -Xmx1G -Xms100m -Xverify:none 
java_command: c:\Users\Mario Gonzalez\.vscode\extensions\redhat.java-1.0.0\server\plugins\org.eclipse.equinox.launcher_1.6.400.v20210924-0641.jar -configuration c:\Users\Mario Gonzalez\AppData\Roaming\Code\User\globalStorage\redhat.java\1.0.0\config_win -data c:\Users\Mario Gonzalez\AppData\Roaming\Code\User\workspaceStorage\fb0e1830e292ec814335303ea2343384\redhat.java\jdt_ws
java_class_path (initial): c:\Users\Mario Gonzalez\.vscode\extensions\redhat.java-1.0.0\server\plugins\org.eclipse.equinox.launcher_1.6.400.v20210924-0641.jar
Launcher Type: SUN_STANDARD

[Global flags]
    uintx AdaptiveSizePolicyWeight                 = 90                                        {product} {command line}
     bool BytecodeVerificationLocal                = false                                     {product} {command line}
     bool BytecodeVerificationRemote               = false                                     {product} {command line}
     intx CICompilerCount                          = 3                                         {product} {ergonomic}
    uintx GCTimeRatio                              = 4                                         {product} {command line}
   size_t InitialHeapSize                          = 104857600                                 {product} {command line}
   size_t MaxHeapSize                              = 1073741824                                {product} {command line}
   size_t MaxNewSize                               = 357564416                                 {product} {ergonomic}
   size_t MinHeapDeltaBytes                        = 524288                                    {product} {ergonomic}
   size_t NewSize                                  = 34603008                                  {product} {ergonomic}
    uintx NonNMethodCodeHeapSize                   = 5830732                                {pd product} {ergonomic}
    uintx NonProfiledCodeHeapSize                  = 122913754                              {pd product} {ergonomic}
   size_t OldSize                                  = 70254592                                  {product} {ergonomic}
    uintx ProfiledCodeHeapSize                     = 122913754                              {pd product} {ergonomic}
    uintx ReservedCodeCacheSize                    = 251658240                              {pd product} {ergonomic}
     bool SegmentedCodeCache                       = true                                      {product} {ergonomic}
     bool UseCompressedClassPointers               = true                                 {lp64_product} {ergonomic}
     bool UseCompressedOops                        = true                                 {lp64_product} {ergonomic}
     bool UseLargePagesIndividualAllocation        = false                                  {pd product} {ergonomic}
     bool UseParallelGC                            = true                                      {product} {command line}

Logging:
Log output configuration:
 #0: stdout all=warning uptime,level,tags
 #1: stderr all=off uptime,level,tags

Environment Variables:
PATH=C:\Program Files\AdoptOpenJDK\jdk-11.0.11.9-hotspot\bin;C:\Program Files (x86)\Common Files\Oracle\Java\javapath;C:\Windows\system32;C:\Windows;C:\Windows\System32\Wbem;C:\Windows\System32\WindowsPowerShell\v1.0\;C:\Program Files\dotnet\;C:\Program Files (x86)\Altium Designer 6\System;C:\Program Files\Git\cmd;C:\Program Files\Microsoft VS Code\bin;;C:\Users\Mario Gonzalez\AppData\Local\Programs\Microsoft VS Code\bin;C:\Users\Mario Gonzalez\.dotnet\tools
USERNAME=Mario Gonzalez
OS=Windows_NT
PROCESSOR_IDENTIFIER=Intel64 Family 6 Model 55 Stepping 8, GenuineIntel



---------------  S Y S T E M  ---------------

OS: Windows 7 , 64 bit Build 7601 (6.1.7601.19160)
OS uptime: 0 days 6:50 hours

CPU:total 4 (initial active 4) (4 cores per cpu, 1 threads per core) family 6 model 55 stepping 8 microcode 0x0, cmov, cx8, fxsr, mmx, sse, sse2, sse3, ssse3, sse4.1, sse4.2, popcnt, clmul, erms, 3dnowpref, tsc, tscinvbit

Memory: 4k page, system-wide physical 8079M (2113M free)
TotalPageFile size 16157M (AvailPageFile size 6337M)
current process WorkingSet (physical memory assigned to process): 325M, peak: 336M
current process commit charge ("private bytes"): 353M, peak: 382M

vm_info: OpenJDK 64-Bit Server VM (11.0.11+9) for windows-amd64 JRE (11.0.11+9), built on Apr 20 2021 21:22:09 by "" with MS VC++ 15.9 (VS2017)

END.
